#
# There is insufficient memory for the Java Runtime Environment to continue.
# Native memory allocation (mmap) failed to map 65536 bytes for Failed to commit metaspace.
# Possible reasons:
#   The system is out of physical RAM or swap space
#   The process is running with CompressedOops enabled, and the Java Heap may be blocking the growth of the native heap
# Possible solutions:
#   Reduce memory load on the system
#   Increase physical memory or swap space
#   Check if swap backing store is full
#   Decrease Java heap size (-Xmx/-Xms)
#   Decrease number of Java threads
#   Decrease Java thread stack sizes (-Xss)
#   Set larger code cache with -XX:ReservedCodeCacheSize=
#   JVM is running with Zero Based Compressed Oops mode in which the Java heap is
#     placed in the first 32GB address space. The Java Heap base address is the
#     maximum limit for the native heap growth. Please use -XX:HeapBaseMinAddress
#     to set the Java Heap base and to place the Java Heap above 32GB virtual address.
# This output file may be truncated or incomplete.
#
#  Out of Memory Error (virtualSpaceNode.cpp:110), pid=20464, tid=13168
#
# JRE version: Java(TM) SE Runtime Environment (17.0.6+9) (build 17.0.6+9-LTS-190)
# Java VM: Java HotSpot(TM) 64-Bit Server VM (17.0.6+9-LTS-190, mixed mode, emulated-client, sharing, tiered, compressed oops, compressed class ptrs, g1 gc, windows-amd64)
# No core dump will be written. Minidumps are not enabled by default on client versions of Windows
#

---------------  S U M M A R Y ------------

Command Line: -XX:TieredStopAtLevel=1 -Dspring.output.ansi.enabled=always -Dcom.sun.management.jmxremote -Dspring.jmx.enabled=true -Dspring.liveBeansView.mbeanDomain -Dspring.application.admin.enabled=true -Dmanagement.endpoints.jmx.exposure.include=* -javaagent:D:\tools\IntelliJ IDEA 2022.3.3\lib\idea_rt.jar=59076:D:\tools\IntelliJ IDEA 2022.3.3\bin -Dfile.encoding=UTF-8 org.gaocl.demo.Application

Host: AMD Ryzen 7 4800H with Radeon Graphics         , 16 cores, 15G,  Windows 10 , 64 bit Build 19041 (10.0.19041.2546)
Time: Sun Mar 26 00:06:53 2023  Windows 10 , 64 bit Build 19041 (10.0.19041.2546) elapsed time: 0.328694 seconds (0d 0h 0m 0s)

---------------  T H R E A D  ---------------

Current thread (0x0000029fecae1300):  JavaThread "main" [_thread_in_vm, id=13168, stack(0x000000ede4100000,0x000000ede4200000)]

Stack: [0x000000ede4100000,0x000000ede4200000]
Native frames: (J=compiled Java code, j=interpreted, Vv=VM code, C=native code)
V  [jvm.dll+0x6734ea]
V  [jvm.dll+0x7d18f4]
V  [jvm.dll+0x7d309e]
V  [jvm.dll+0x7d3703]
V  [jvm.dll+0x2433c5]
V  [jvm.dll+0x7cd9fb]
V  [jvm.dll+0x619546]
V  [jvm.dll+0x6195aa]
V  [jvm.dll+0x61bdcd]
V  [jvm.dll+0x619f06]
V  [jvm.dll+0x237b0f]
V  [jvm.dll+0x623bc5]
V  [jvm.dll+0x1e79bd]
V  [jvm.dll+0x1e7f85]
V  [jvm.dll+0x1e88cb]
V  [jvm.dll+0x1de0d1]
V  [jvm.dll+0x5399dc]
V  [jvm.dll+0x1ee9ea]
V  [jvm.dll+0x74ba4d]
V  [jvm.dll+0x74ce33]
V  [jvm.dll+0x74d168]
V  [jvm.dll+0x23b88b]
V  [jvm.dll+0x37a0ae]
C  0x0000029ff4379aed

Java frames: (J=compiled Java code, j=interpreted, Vv=VM code)
j  java.lang.management.ManagementFactory.lambda$addMXBean$7(Ljava/lang/Object;Ljavax/management/MBeanServer;Ljavax/management/ObjectName;)Ljava/lang/Void;+46 java.management@17.0.6
j  java.lang.management.ManagementFactory$$Lambda$21+0x0000000800c64718.run()Ljava/lang/Object;+12 java.management@17.0.6
j  java.security.AccessController.executePrivileged(Ljava/security/PrivilegedExceptionAction;Ljava/security/AccessControlContext;Ljava/lang/Class;)Ljava/lang/Object;+29 java.base@17.0.6
j  java.security.AccessController.doPrivileged(Ljava/security/PrivilegedExceptionAction;)Ljava/lang/Object;+9 java.base@17.0.6
j  java.lang.management.ManagementFactory.addMXBean(Ljavax/management/MBeanServer;Ljava/lang/String;Ljava/lang/Object;)V+13 java.management@17.0.6
j  java.lang.management.ManagementFactory.lambda$getPlatformMBeanServer$1(Ljava/util/Map$Entry;)V+18 java.management@17.0.6
j  java.lang.management.ManagementFactory$$Lambda$20+0x0000000800c63d10.accept(Ljava/lang/Object;)V+4 java.management@17.0.6
j  java.util.stream.ForEachOps$ForEachOp$OfRef.accept(Ljava/lang/Object;)V+5 java.base@17.0.6
j  java.util.Collections$2.tryAdvance(Ljava/util/function/Consumer;)Z+29 java.base@17.0.6
j  java.util.Collections$2.forEachRemaining(Ljava/util/function/Consumer;)V+2 java.base@17.0.6
j  java.util.stream.ReferencePipeline$Head.forEach(Ljava/util/function/Consumer;)V+12 java.base@17.0.6
j  java.util.stream.ReferencePipeline$7$1.accept(Ljava/lang/Object;)V+41 java.base@17.0.6
j  java.util.stream.ReferencePipeline$2$1.accept(Ljava/lang/Object;)V+21 java.base@17.0.6
j  java.util.HashMap$ValueSpliterator.forEachRemaining(Ljava/util/function/Consumer;)V+145 java.base@17.0.6
j  java.util.stream.AbstractPipeline.copyInto(Ljava/util/stream/Sink;Ljava/util/Spliterator;)V+32 java.base@17.0.6
j  java.util.stream.AbstractPipeline.wrapAndCopyInto(Ljava/util/stream/Sink;Ljava/util/Spliterator;)Ljava/util/stream/Sink;+13 java.base@17.0.6
j  java.util.stream.ForEachOps$ForEachOp.evaluateSequential(Ljava/util/stream/PipelineHelper;Ljava/util/Spliterator;)Ljava/lang/Void;+3 java.base@17.0.6
j  java.util.stream.ForEachOps$ForEachOp$OfRef.evaluateSequential(Ljava/util/stream/PipelineHelper;Ljava/util/Spliterator;)Ljava/lang/Object;+3 java.base@17.0.6
j  java.util.stream.AbstractPipeline.evaluate(Ljava/util/stream/TerminalOp;)Ljava/lang/Object;+88 java.base@17.0.6
j  java.util.stream.ReferencePipeline.forEach(Ljava/util/function/Consumer;)V+6 java.base@17.0.6
j  java.lang.management.ManagementFactory.getPlatformMBeanServer()Ljavax/management/MBeanServer;+68 java.management@17.0.6
j  sun.management.jmxremote.ConnectorBootstrap.startLocalConnectorServer()Ljavax/management/remote/JMXConnectorServer;+88 jdk.management.agent@17.0.6
j  jdk.internal.agent.Agent.startLocalManagementAgent()V+13 jdk.management.agent@17.0.6
j  jdk.internal.agent.Agent.startAgent(Ljava/util/Properties;)V+58 jdk.management.agent@17.0.6
j  jdk.internal.agent.Agent.startAgent()V+20 jdk.management.agent@17.0.6
v  ~StubRoutines::call_stub

---------------  P R O C E S S  ---------------

Threads class SMR info:
_java_thread_list=0x0000029f84972370, length=14, elements={
0x0000029fecae1300, 0x0000029fffeceb00, 0x0000029fffecf680, 0x0000029f8480d2c0,
0x0000029f8480de40, 0x0000029f8480fb20, 0x0000029f848103e0, 0x0000029f84810d50,
0x0000029f8481cb60, 0x0000029fffeb8b40, 0x0000029f848fb050, 0x0000029f848fc440,
0x0000029f850b1b10, 0x0000029f850b1fe0
}

Java Threads: ( => current thread )
=>0x0000029fecae1300 JavaThread "main" [_thread_in_vm, id=13168, stack(0x000000ede4100000,0x000000ede4200000)]
  0x0000029fffeceb00 JavaThread "Reference Handler" daemon [_thread_blocked, id=17152, stack(0x000000ede4800000,0x000000ede4900000)]
  0x0000029fffecf680 JavaThread "Finalizer" daemon [_thread_blocked, id=13104, stack(0x000000ede4900000,0x000000ede4a00000)]
  0x0000029f8480d2c0 JavaThread "Signal Dispatcher" daemon [_thread_blocked, id=5616, stack(0x000000ede4a00000,0x000000ede4b00000)]
  0x0000029f8480de40 JavaThread "Attach Listener" daemon [_thread_blocked, id=11524, stack(0x000000ede4b00000,0x000000ede4c00000)]
  0x0000029f8480fb20 JavaThread "Service Thread" daemon [_thread_blocked, id=18088, stack(0x000000ede4c00000,0x000000ede4d00000)]
  0x0000029f848103e0 JavaThread "Monitor Deflation Thread" daemon [_thread_blocked, id=18436, stack(0x000000ede4d00000,0x000000ede4e00000)]
  0x0000029f84810d50 JavaThread "C1 CompilerThread0" daemon [_thread_blocked, id=7340, stack(0x000000ede4e00000,0x000000ede4f00000)]
  0x0000029f8481cb60 JavaThread "Sweeper thread" daemon [_thread_blocked, id=13404, stack(0x000000ede4f00000,0x000000ede5000000)]
  0x0000029fffeb8b40 JavaThread "Common-Cleaner" daemon [_thread_blocked, id=724, stack(0x000000ede5000000,0x000000ede5100000)]
  0x0000029f848fb050 JavaThread "C1 CompilerThread1" daemon [_thread_blocked, id=6476, stack(0x000000ede5100000,0x000000ede5200000)]
  0x0000029f848fc440 JavaThread "C1 CompilerThread2" daemon [_thread_blocked, id=19016, stack(0x000000ede5200000,0x000000ede5300000)]
  0x0000029f850b1b10 JavaThread "Monitor Ctrl-Break" daemon [_thread_in_native, id=9460, stack(0x000000ede5400000,0x000000ede5500000)]
  0x0000029f850b1fe0 JavaThread "Notification Thread" daemon [_thread_blocked, id=932, stack(0x000000ede5500000,0x000000ede5600000)]

Other Threads:
  0x0000029fffec88d0 VMThread "VM Thread" [stack: 0x000000ede4700000,0x000000ede4800000] [id=17020]
  0x0000029fecb4c650 GCTaskThread "GC Thread#0" [stack: 0x000000ede4200000,0x000000ede4300000] [id=18704]
  0x0000029fecb5cb60 ConcurrentGCThread "G1 Main Marker" [stack: 0x000000ede4300000,0x000000ede4400000] [id=19608]
  0x0000029fecb5f480 ConcurrentGCThread "G1 Conc#0" [stack: 0x000000ede4400000,0x000000ede4500000] [id=18672]
  0x0000029fffd5f5a0 ConcurrentGCThread "G1 Refine#0" [stack: 0x000000ede4500000,0x000000ede4600000] [id=17840]
  0x0000029fffd61c90 ConcurrentGCThread "G1 Service" [stack: 0x000000ede4600000,0x000000ede4700000] [id=18200]

Threads with active compile tasks:

VM state: not at safepoint (normal execution)

VM Mutex/Monitor currently owned by a thread:  ([mutex/lock_event])
[0x0000029fecad9920] Metaspace_lock - owner thread: 0x0000029fecae1300

Heap address: 0x000000070a200000, size: 3934 MB, Compressed Oops mode: Zero based, Oop shift amount: 3

CDS archive(s) mapped at: [0x0000000800000000-0x0000000800bd0000-0x0000000800bd0000), size 12386304, SharedBaseAddress: 0x0000000800000000, ArchiveRelocationMode: 0.
Compressed class space mapped at: 0x0000000800c00000-0x0000000840c00000, reserved size: 1073741824
Narrow klass base: 0x0000000800000000, Narrow klass shift: 0, Narrow klass range: 0x100000000

GC Precious Log:
 CPUs: 16 total, 16 available
 Memory: 15734M
 Large Page Support: Disabled
 NUMA Support: Disabled
 Compressed Oops: Enabled (Zero based)
 Heap Region Size: 2M
 Heap Min Capacity: 8M
 Heap Initial Capacity: 246M
 Heap Max Capacity: 3934M
 Pre-touch: Disabled
 Parallel Workers: 13
 Concurrent Workers: 3
 Concurrent Refinement Workers: 13
 Periodic GC: Disabled

Heap:
 garbage-first heap   total 251904K, used 6144K [0x000000070a200000, 0x0000000800000000)
  region size 2048K, 4 young (8192K), 0 survivors (0K)
 Metaspace       used 1446K, committed 1600K, reserved 1056768K
  class space    used 150K, committed 256K, reserved 1048576K

Heap Regions: E=young(eden), S=young(survivor), O=old, HS=humongous(starts), HC=humongous(continues), CS=collection set, F=free, OA=open archive, CA=closed archive, TAMS=top-at-mark-start (previous, next)
|   0|0x000000070a200000, 0x000000070a200000, 0x000000070a400000|  0%| F|  |TAMS 0x000000070a200000, 0x000000070a200000| Untracked 
|   1|0x000000070a400000, 0x000000070a400000, 0x000000070a600000|  0%| F|  |TAMS 0x000000070a400000, 0x000000070a400000| Untracked 
|   2|0x000000070a600000, 0x000000070a600000, 0x000000070a800000|  0%| F|  |TAMS 0x000000070a600000, 0x000000070a600000| Untracked 
|   3|0x000000070a800000, 0x000000070a800000, 0x000000070aa00000|  0%| F|  |TAMS 0x000000070a800000, 0x000000070a800000| Untracked 
|   4|0x000000070aa00000, 0x000000070aa00000, 0x000000070ac00000|  0%| F|  |TAMS 0x000000070aa00000, 0x000000070aa00000| Untracked 
|   5|0x000000070ac00000, 0x000000070ac00000, 0x000000070ae00000|  0%| F|  |TAMS 0x000000070ac00000, 0x000000070ac00000| Untracked 
|   6|0x000000070ae00000, 0x000000070ae00000, 0x000000070b000000|  0%| F|  |TAMS 0x000000070ae00000, 0x000000070ae00000| Untracked 
|   7|0x000000070b000000, 0x000000070b000000, 0x000000070b200000|  0%| F|  |TAMS 0x000000070b000000, 0x000000070b000000| Untracked 
|   8|0x000000070b200000, 0x000000070b200000, 0x000000070b400000|  0%| F|  |TAMS 0x000000070b200000, 0x000000070b200000| Untracked 
|   9|0x000000070b400000, 0x000000070b400000, 0x000000070b600000|  0%| F|  |TAMS 0x000000070b400000, 0x000000070b400000| Untracked 
|  10|0x000000070b600000, 0x000000070b600000, 0x000000070b800000|  0%| F|  |TAMS 0x000000070b600000, 0x000000070b600000| Untracked 
|  11|0x000000070b800000, 0x000000070b800000, 0x000000070ba00000|  0%| F|  |TAMS 0x000000070b800000, 0x000000070b800000| Untracked 
|  12|0x000000070ba00000, 0x000000070ba00000, 0x000000070bc00000|  0%| F|  |TAMS 0x000000070ba00000, 0x000000070ba00000| Untracked 
|  13|0x000000070bc00000, 0x000000070bc00000, 0x000000070be00000|  0%| F|  |TAMS 0x000000070bc00000, 0x000000070bc00000| Untracked 
|  14|0x000000070be00000, 0x000000070be00000, 0x000000070c000000|  0%| F|  |TAMS 0x000000070be00000, 0x000000070be00000| Untracked 
|  15|0x000000070c000000, 0x000000070c000000, 0x000000070c200000|  0%| F|  |TAMS 0x000000070c000000, 0x000000070c000000| Untracked 
|  16|0x000000070c200000, 0x000000070c200000, 0x000000070c400000|  0%| F|  |TAMS 0x000000070c200000, 0x000000070c200000| Untracked 
|  17|0x000000070c400000, 0x000000070c400000, 0x000000070c600000|  0%| F|  |TAMS 0x000000070c400000, 0x000000070c400000| Untracked 
|  18|0x000000070c600000, 0x000000070c600000, 0x000000070c800000|  0%| F|  |TAMS 0x000000070c600000, 0x000000070c600000| Untracked 
|  19|0x000000070c800000, 0x000000070c800000, 0x000000070ca00000|  0%| F|  |TAMS 0x000000070c800000, 0x000000070c800000| Untracked 
|  20|0x000000070ca00000, 0x000000070ca00000, 0x000000070cc00000|  0%| F|  |TAMS 0x000000070ca00000, 0x000000070ca00000| Untracked 
|  21|0x000000070cc00000, 0x000000070cc00000, 0x000000070ce00000|  0%| F|  |TAMS 0x000000070cc00000, 0x000000070cc00000| Untracked 
|  22|0x000000070ce00000, 0x000000070ce00000, 0x000000070d000000|  0%| F|  |TAMS 0x000000070ce00000, 0x000000070ce00000| Untracked 
|  23|0x000000070d000000, 0x000000070d000000, 0x000000070d200000|  0%| F|  |TAMS 0x000000070d000000, 0x000000070d000000| Untracked 
|  24|0x000000070d200000, 0x000000070d200000, 0x000000070d400000|  0%| F|  |TAMS 0x000000070d200000, 0x000000070d200000| Untracked 
|  25|0x000000070d400000, 0x000000070d400000, 0x000000070d600000|  0%| F|  |TAMS 0x000000070d400000, 0x000000070d400000| Untracked 
|  26|0x000000070d600000, 0x000000070d600000, 0x000000070d800000|  0%| F|  |TAMS 0x000000070d600000, 0x000000070d600000| Untracked 
|  27|0x000000070d800000, 0x000000070d800000, 0x000000070da00000|  0%| F|  |TAMS 0x000000070d800000, 0x000000070d800000| Untracked 
|  28|0x000000070da00000, 0x000000070da00000, 0x000000070dc00000|  0%| F|  |TAMS 0x000000070da00000, 0x000000070da00000| Untracked 
|  29|0x000000070dc00000, 0x000000070dc00000, 0x000000070de00000|  0%| F|  |TAMS 0x000000070dc00000, 0x000000070dc00000| Untracked 
|  30|0x000000070de00000, 0x000000070de00000, 0x000000070e000000|  0%| F|  |TAMS 0x000000070de00000, 0x000000070de00000| Untracked 
|  31|0x000000070e000000, 0x000000070e000000, 0x000000070e200000|  0%| F|  |TAMS 0x000000070e000000, 0x000000070e000000| Untracked 
|  32|0x000000070e200000, 0x000000070e200000, 0x000000070e400000|  0%| F|  |TAMS 0x000000070e200000, 0x000000070e200000| Untracked 
|  33|0x000000070e400000, 0x000000070e400000, 0x000000070e600000|  0%| F|  |TAMS 0x000000070e400000, 0x000000070e400000| Untracked 
|  34|0x000000070e600000, 0x000000070e600000, 0x000000070e800000|  0%| F|  |TAMS 0x000000070e600000, 0x000000070e600000| Untracked 
|  35|0x000000070e800000, 0x000000070e800000, 0x000000070ea00000|  0%| F|  |TAMS 0x000000070e800000, 0x000000070e800000| Untracked 
|  36|0x000000070ea00000, 0x000000070ea00000, 0x000000070ec00000|  0%| F|  |TAMS 0x000000070ea00000, 0x000000070ea00000| Untracked 
|  37|0x000000070ec00000, 0x000000070ec00000, 0x000000070ee00000|  0%| F|  |TAMS 0x000000070ec00000, 0x000000070ec00000| Untracked 
|  38|0x000000070ee00000, 0x000000070ee00000, 0x000000070f000000|  0%| F|  |TAMS 0x000000070ee00000, 0x000000070ee00000| Untracked 
|  39|0x000000070f000000, 0x000000070f000000, 0x000000070f200000|  0%| F|  |TAMS 0x000000070f000000, 0x000000070f000000| Untracked 
|  40|0x000000070f200000, 0x000000070f200000, 0x000000070f400000|  0%| F|  |TAMS 0x000000070f200000, 0x000000070f200000| Untracked 
|  41|0x000000070f400000, 0x000000070f400000, 0x000000070f600000|  0%| F|  |TAMS 0x000000070f400000, 0x000000070f400000| Untracked 
|  42|0x000000070f600000, 0x000000070f600000, 0x000000070f800000|  0%| F|  |TAMS 0x000000070f600000, 0x000000070f600000| Untracked 
|  43|0x000000070f800000, 0x000000070f800000, 0x000000070fa00000|  0%| F|  |TAMS 0x000000070f800000, 0x000000070f800000| Untracked 
|  44|0x000000070fa00000, 0x000000070fa00000, 0x000000070fc00000|  0%| F|  |TAMS 0x000000070fa00000, 0x000000070fa00000| Untracked 
|  45|0x000000070fc00000, 0x000000070fc00000, 0x000000070fe00000|  0%| F|  |TAMS 0x000000070fc00000, 0x000000070fc00000| Untracked 
|  46|0x000000070fe00000, 0x000000070fe00000, 0x0000000710000000|  0%| F|  |TAMS 0x000000070fe00000, 0x000000070fe00000| Untracked 
|  47|0x0000000710000000, 0x0000000710000000, 0x0000000710200000|  0%| F|  |TAMS 0x0000000710000000, 0x0000000710000000| Untracked 
|  48|0x0000000710200000, 0x0000000710200000, 0x0000000710400000|  0%| F|  |TAMS 0x0000000710200000, 0x0000000710200000| Untracked 
|  49|0x0000000710400000, 0x0000000710400000, 0x0000000710600000|  0%| F|  |TAMS 0x0000000710400000, 0x0000000710400000| Untracked 
|  50|0x0000000710600000, 0x0000000710600000, 0x0000000710800000|  0%| F|  |TAMS 0x0000000710600000, 0x0000000710600000| Untracked 
|  51|0x0000000710800000, 0x0000000710800000, 0x0000000710a00000|  0%| F|  |TAMS 0x0000000710800000, 0x0000000710800000| Untracked 
|  52|0x0000000710a00000, 0x0000000710a00000, 0x0000000710c00000|  0%| F|  |TAMS 0x0000000710a00000, 0x0000000710a00000| Untracked 
|  53|0x0000000710c00000, 0x0000000710c00000, 0x0000000710e00000|  0%| F|  |TAMS 0x0000000710c00000, 0x0000000710c00000| Untracked 
|  54|0x0000000710e00000, 0x0000000710e00000, 0x0000000711000000|  0%| F|  |TAMS 0x0000000710e00000, 0x0000000710e00000| Untracked 
|  55|0x0000000711000000, 0x0000000711000000, 0x0000000711200000|  0%| F|  |TAMS 0x0000000711000000, 0x0000000711000000| Untracked 
|  56|0x0000000711200000, 0x0000000711200000, 0x0000000711400000|  0%| F|  |TAMS 0x0000000711200000, 0x0000000711200000| Untracked 
|  57|0x0000000711400000, 0x0000000711400000, 0x0000000711600000|  0%| F|  |TAMS 0x0000000711400000, 0x0000000711400000| Untracked 
|  58|0x0000000711600000, 0x0000000711600000, 0x0000000711800000|  0%| F|  |TAMS 0x0000000711600000, 0x0000000711600000| Untracked 
|  59|0x0000000711800000, 0x0000000711800000, 0x0000000711a00000|  0%| F|  |TAMS 0x0000000711800000, 0x0000000711800000| Untracked 
|  60|0x0000000711a00000, 0x0000000711a00000, 0x0000000711c00000|  0%| F|  |TAMS 0x0000000711a00000, 0x0000000711a00000| Untracked 
|  61|0x0000000711c00000, 0x0000000711c00000, 0x0000000711e00000|  0%| F|  |TAMS 0x0000000711c00000, 0x0000000711c00000| Untracked 
|  62|0x0000000711e00000, 0x0000000711e00000, 0x0000000712000000|  0%| F|  |TAMS 0x0000000711e00000, 0x0000000711e00000| Untracked 
|  63|0x0000000712000000, 0x0000000712000000, 0x0000000712200000|  0%| F|  |TAMS 0x0000000712000000, 0x0000000712000000| Untracked 
|  64|0x0000000712200000, 0x0000000712200000, 0x0000000712400000|  0%| F|  |TAMS 0x0000000712200000, 0x0000000712200000| Untracked 
|  65|0x0000000712400000, 0x0000000712400000, 0x0000000712600000|  0%| F|  |TAMS 0x0000000712400000, 0x0000000712400000| Untracked 
|  66|0x0000000712600000, 0x0000000712600000, 0x0000000712800000|  0%| F|  |TAMS 0x0000000712600000, 0x0000000712600000| Untracked 
|  67|0x0000000712800000, 0x0000000712800000, 0x0000000712a00000|  0%| F|  |TAMS 0x0000000712800000, 0x0000000712800000| Untracked 
|  68|0x0000000712a00000, 0x0000000712a00000, 0x0000000712c00000|  0%| F|  |TAMS 0x0000000712a00000, 0x0000000712a00000| Untracked 
|  69|0x0000000712c00000, 0x0000000712c00000, 0x0000000712e00000|  0%| F|  |TAMS 0x0000000712c00000, 0x0000000712c00000| Untracked 
|  70|0x0000000712e00000, 0x0000000712e00000, 0x0000000713000000|  0%| F|  |TAMS 0x0000000712e00000, 0x0000000712e00000| Untracked 
|  71|0x0000000713000000, 0x0000000713000000, 0x0000000713200000|  0%| F|  |TAMS 0x0000000713000000, 0x0000000713000000| Untracked 
|  72|0x0000000713200000, 0x0000000713200000, 0x0000000713400000|  0%| F|  |TAMS 0x0000000713200000, 0x0000000713200000| Untracked 
|  73|0x0000000713400000, 0x0000000713400000, 0x0000000713600000|  0%| F|  |TAMS 0x0000000713400000, 0x0000000713400000| Untracked 
|  74|0x0000000713600000, 0x0000000713600000, 0x0000000713800000|  0%| F|  |TAMS 0x0000000713600000, 0x0000000713600000| Untracked 
|  75|0x0000000713800000, 0x0000000713800000, 0x0000000713a00000|  0%| F|  |TAMS 0x0000000713800000, 0x0000000713800000| Untracked 
|  76|0x0000000713a00000, 0x0000000713a00000, 0x0000000713c00000|  0%| F|  |TAMS 0x0000000713a00000, 0x0000000713a00000| Untracked 
|  77|0x0000000713c00000, 0x0000000713c00000, 0x0000000713e00000|  0%| F|  |TAMS 0x0000000713c00000, 0x0000000713c00000| Untracked 
|  78|0x0000000713e00000, 0x0000000713e00000, 0x0000000714000000|  0%| F|  |TAMS 0x0000000713e00000, 0x0000000713e00000| Untracked 
|  79|0x0000000714000000, 0x0000000714000000, 0x0000000714200000|  0%| F|  |TAMS 0x0000000714000000, 0x0000000714000000| Untracked 
|  80|0x0000000714200000, 0x0000000714200000, 0x0000000714400000|  0%| F|  |TAMS 0x0000000714200000, 0x0000000714200000| Untracked 
|  81|0x0000000714400000, 0x0000000714400000, 0x0000000714600000|  0%| F|  |TAMS 0x0000000714400000, 0x0000000714400000| Untracked 
|  82|0x0000000714600000, 0x0000000714600000, 0x0000000714800000|  0%| F|  |TAMS 0x0000000714600000, 0x0000000714600000| Untracked 
|  83|0x0000000714800000, 0x0000000714800000, 0x0000000714a00000|  0%| F|  |TAMS 0x0000000714800000, 0x0000000714800000| Untracked 
|  84|0x0000000714a00000, 0x0000000714a00000, 0x0000000714c00000|  0%| F|  |TAMS 0x0000000714a00000, 0x0000000714a00000| Untracked 
|  85|0x0000000714c00000, 0x0000000714c00000, 0x0000000714e00000|  0%| F|  |TAMS 0x0000000714c00000, 0x0000000714c00000| Untracked 
|  86|0x0000000714e00000, 0x0000000714e00000, 0x0000000715000000|  0%| F|  |TAMS 0x0000000714e00000, 0x0000000714e00000| Untracked 
|  87|0x0000000715000000, 0x0000000715000000, 0x0000000715200000|  0%| F|  |TAMS 0x0000000715000000, 0x0000000715000000| Untracked 
|  88|0x0000000715200000, 0x0000000715200000, 0x0000000715400000|  0%| F|  |TAMS 0x0000000715200000, 0x0000000715200000| Untracked 
|  89|0x0000000715400000, 0x0000000715400000, 0x0000000715600000|  0%| F|  |TAMS 0x0000000715400000, 0x0000000715400000| Untracked 
|  90|0x0000000715600000, 0x0000000715600000, 0x0000000715800000|  0%| F|  |TAMS 0x0000000715600000, 0x0000000715600000| Untracked 
|  91|0x0000000715800000, 0x0000000715800000, 0x0000000715a00000|  0%| F|  |TAMS 0x0000000715800000, 0x0000000715800000| Untracked 
|  92|0x0000000715a00000, 0x0000000715a00000, 0x0000000715c00000|  0%| F|  |TAMS 0x0000000715a00000, 0x0000000715a00000| Untracked 
|  93|0x0000000715c00000, 0x0000000715c00000, 0x0000000715e00000|  0%| F|  |TAMS 0x0000000715c00000, 0x0000000715c00000| Untracked 
|  94|0x0000000715e00000, 0x0000000715e00000, 0x0000000716000000|  0%| F|  |TAMS 0x0000000715e00000, 0x0000000715e00000| Untracked 
|  95|0x0000000716000000, 0x0000000716000000, 0x0000000716200000|  0%| F|  |TAMS 0x0000000716000000, 0x0000000716000000| Untracked 
|  96|0x0000000716200000, 0x0000000716200000, 0x0000000716400000|  0%| F|  |TAMS 0x0000000716200000, 0x0000000716200000| Untracked 
|  97|0x0000000716400000, 0x0000000716400000, 0x0000000716600000|  0%| F|  |TAMS 0x0000000716400000, 0x0000000716400000| Untracked 
|  98|0x0000000716600000, 0x0000000716600000, 0x0000000716800000|  0%| F|  |TAMS 0x0000000716600000, 0x0000000716600000| Untracked 
|  99|0x0000000716800000, 0x0000000716800000, 0x0000000716a00000|  0%| F|  |TAMS 0x0000000716800000, 0x0000000716800000| Untracked 
| 100|0x0000000716a00000, 0x0000000716a00000, 0x0000000716c00000|  0%| F|  |TAMS 0x0000000716a00000, 0x0000000716a00000| Untracked 
| 101|0x0000000716c00000, 0x0000000716c00000, 0x0000000716e00000|  0%| F|  |TAMS 0x0000000716c00000, 0x0000000716c00000| Untracked 
| 102|0x0000000716e00000, 0x0000000716e00000, 0x0000000717000000|  0%| F|  |TAMS 0x0000000716e00000, 0x0000000716e00000| Untracked 
| 103|0x0000000717000000, 0x0000000717000000, 0x0000000717200000|  0%| F|  |TAMS 0x0000000717000000, 0x0000000717000000| Untracked 
| 104|0x0000000717200000, 0x0000000717200000, 0x0000000717400000|  0%| F|  |TAMS 0x0000000717200000, 0x0000000717200000| Untracked 
| 105|0x0000000717400000, 0x0000000717400000, 0x0000000717600000|  0%| F|  |TAMS 0x0000000717400000, 0x0000000717400000| Untracked 
| 106|0x0000000717600000, 0x0000000717600000, 0x0000000717800000|  0%| F|  |TAMS 0x0000000717600000, 0x0000000717600000| Untracked 
| 107|0x0000000717800000, 0x0000000717800000, 0x0000000717a00000|  0%| F|  |TAMS 0x0000000717800000, 0x0000000717800000| Untracked 
| 108|0x0000000717a00000, 0x0000000717a00000, 0x0000000717c00000|  0%| F|  |TAMS 0x0000000717a00000, 0x0000000717a00000| Untracked 
| 109|0x0000000717c00000, 0x0000000717c00000, 0x0000000717e00000|  0%| F|  |TAMS 0x0000000717c00000, 0x0000000717c00000| Untracked 
| 110|0x0000000717e00000, 0x0000000717e00000, 0x0000000718000000|  0%| F|  |TAMS 0x0000000717e00000, 0x0000000717e00000| Untracked 
| 111|0x0000000718000000, 0x0000000718000000, 0x0000000718200000|  0%| F|  |TAMS 0x0000000718000000, 0x0000000718000000| Untracked 
| 112|0x0000000718200000, 0x0000000718200000, 0x0000000718400000|  0%| F|  |TAMS 0x0000000718200000, 0x0000000718200000| Untracked 
| 113|0x0000000718400000, 0x0000000718400000, 0x0000000718600000|  0%| F|  |TAMS 0x0000000718400000, 0x0000000718400000| Untracked 
| 114|0x0000000718600000, 0x0000000718600000, 0x0000000718800000|  0%| F|  |TAMS 0x0000000718600000, 0x0000000718600000| Untracked 
| 115|0x0000000718800000, 0x0000000718800000, 0x0000000718a00000|  0%| F|  |TAMS 0x0000000718800000, 0x0000000718800000| Untracked 
| 116|0x0000000718a00000, 0x0000000718a00000, 0x0000000718c00000|  0%| F|  |TAMS 0x0000000718a00000, 0x0000000718a00000| Untracked 
| 117|0x0000000718c00000, 0x0000000718c00000, 0x0000000718e00000|  0%| F|  |TAMS 0x0000000718c00000, 0x0000000718c00000| Untracked 
| 118|0x0000000718e00000, 0x0000000718e00000, 0x0000000719000000|  0%| F|  |TAMS 0x0000000718e00000, 0x0000000718e00000| Untracked 
| 119|0x0000000719000000, 0x00000007191526f8, 0x0000000719200000| 66%| E|  |TAMS 0x0000000719000000, 0x0000000719000000| Complete 
| 120|0x0000000719200000, 0x0000000719400000, 0x0000000719400000|100%| E|CS|TAMS 0x0000000719200000, 0x0000000719200000| Complete 
| 121|0x0000000719400000, 0x0000000719600000, 0x0000000719600000|100%| E|CS|TAMS 0x0000000719400000, 0x0000000719400000| Complete 
| 122|0x0000000719600000, 0x0000000719800000, 0x0000000719800000|100%| E|CS|TAMS 0x0000000719600000, 0x0000000719600000| Complete 

Card table byte_map: [0x0000029ff8170000,0x0000029ff8920000] _byte_map_base: 0x0000029ff491f000

Marking Bits (Prev, Next): (CMBitMap*) 0x0000029fecb4cc60, (CMBitMap*) 0x0000029fecb4cca0
 Prev Bits: [0x0000029ff90d0000, 0x0000029ffce48000)
 Next Bits: [0x0000029f80000000, 0x0000029f83d78000)

Polling page: 0x0000029feaa60000

Metaspace:

Usage:
  Non-class:      1.27 MB used.
      Class:    150.43 KB used.
       Both:      1.41 MB used.

Virtual space:
  Non-class space:        8.00 MB reserved,       1.31 MB ( 16%) committed,  1 nodes.
      Class space:        1.00 GB reserved,     256.00 KB ( <1%) committed,  1 nodes.
             Both:        1.01 GB reserved,       1.56 MB ( <1%) committed. 

Chunk freelists:
   Non-Class:  3.98 MB
       Class:  3.74 MB
        Both:  7.72 MB

MaxMetaspaceSize: unlimited
CompressedClassSpaceSize: 1.00 GB
Initial GC threshold: 21.00 MB
Current GC threshold: 21.00 MB
CDS: on
MetaspaceReclaimPolicy: balanced
 - commit_granule_bytes: 65536.
 - commit_granule_words: 8192.
 - virtual_space_node_default_size: 1048576.
 - enlarge_chunks_in_place: 1.
 - new_chunks_are_fully_committed: 0.
 - uncommit_free_chunks: 1.
 - use_allocation_guard: 0.
 - handle_deallocations: 1.


Internal statistics:

num_allocs_failed_limit: 0.
num_arena_births: 14.
num_arena_deaths: 0.
num_vsnodes_births: 2.
num_vsnodes_deaths: 0.
num_space_committed: 25.
num_space_uncommitted: 0.
num_chunks_returned_to_freelist: 0.
num_chunks_taken_from_freelist: 17.
num_chunk_merges: 0.
num_chunk_splits: 9.
num_chunks_enlarged: 5.
num_purges: 0.
num_inconsistent_stats: 0.

CodeCache: size=49152Kb used=2667Kb max_used=2667Kb free=46484Kb
 bounds [0x0000029ff4360000, 0x0000029ff4600000, 0x0000029ff7360000]
 total_blobs=757 nmethods=352 adapters=331
 compilation: enabled
              stopped_count=0, restarted_count=0
 full_count=0

Compilation events (20 events):
Event: 0.322 Thread 0x0000029f848fc440 nmethod 338 0x0000029ff45f5f10 code [0x0000029ff45f60a0, 0x0000029ff45f61a8]
Event: 0.323 Thread 0x0000029f848fc440  340       1       java.lang.invoke.MethodType::checkPtypes (76 bytes)
Event: 0.323 Thread 0x0000029f848fb050  341       1       jdk.internal.org.objectweb.asm.SymbolTable$Entry::<init> (17 bytes)
Event: 0.324 Thread 0x0000029f848fb050 nmethod 341 0x0000029ff45f6590 code [0x0000029ff45f6720, 0x0000029ff45f6848]
Event: 0.324 Thread 0x0000029f848fc440 nmethod 340 0x0000029ff45f6910 code [0x0000029ff45f6b00, 0x0000029ff45f6f08]
Event: 0.324 Thread 0x0000029f848fc440  342       1       jdk.internal.org.objectweb.asm.ByteVector::putByte (39 bytes)
Event: 0.324 Thread 0x0000029f84810d50  343       1       jdk.internal.org.objectweb.asm.SymbolTable::addConstantUtf8 (98 bytes)
Event: 0.324 Thread 0x0000029f848fc440 nmethod 342 0x0000029ff45f7190 code [0x0000029ff45f7320, 0x0000029ff45f7488]
Event: 0.324 Thread 0x0000029f848fc440  344       1       java.lang.invoke.MethodHandles$Lookup::lookupClass (5 bytes)
Event: 0.324 Thread 0x0000029f84810d50 nmethod 343 0x0000029ff45f7590 code [0x0000029ff45f7780, 0x0000029ff45f7b18]
Event: 0.324 Thread 0x0000029f848fc440 nmethod 344 0x0000029ff45f7e10 code [0x0000029ff45f7fa0, 0x0000029ff45f8078]
Event: 0.325 Thread 0x0000029f848fc440  345       1       jdk.internal.misc.Unsafe::allocateUninitializedArray (55 bytes)
Event: 0.325 Thread 0x0000029f84810d50  346       1       jdk.internal.misc.Unsafe::allocateUninitializedArray0 (90 bytes)
Event: 0.325 Thread 0x0000029f84810d50 nmethod 346 0x0000029ff45f8110 code [0x0000029ff45f8300, 0x0000029ff45f8a98]
Event: 0.325 Thread 0x0000029f848fc440 nmethod 345 0x0000029ff45f8b90 code [0x0000029ff45f8d60, 0x0000029ff45f9058]
Event: 0.326 Thread 0x0000029f848fc440  349   !   1       java.lang.invoke.MemberName::getMethodType (211 bytes)
Event: 0.326 Thread 0x0000029f84810d50  350       1       java.lang.invoke.MethodTypeForm::parameterSlotCount (5 bytes)
Event: 0.326 Thread 0x0000029f848fb050  352       1       java.lang.invoke.MethodTypeForm::erasedType (5 bytes)
Event: 0.326 Thread 0x0000029f84810d50 nmethod 350 0x0000029ff45f9a90 code [0x0000029ff45f9c20, 0x0000029ff45f9cf8]
Event: 0.326 Thread 0x0000029f848fb050 nmethod 352 0x0000029ff45f9d90 code [0x0000029ff45f9f20, 0x0000029ff45f9ff8]

GC Heap History (0 events):
No events

Deoptimization events (0 events):
No events

Classes unloaded (0 events):
No events

Classes redefined (0 events):
No events

Internal exceptions (4 events):
Event: 0.285 Thread 0x0000029f850b1b10 Exception <a 'java/lang/NoSuchMethodError'{0x00000007190045a8}: 'java.lang.Object java.lang.invoke.DirectMethodHandle$Holder.invokeStaticInit(java.lang.Object)'> (0x00000007190045a8) 
thrown [s\open\src\hotspot\share\interpreter\linkResolver.cpp, line 759]
Event: 0.294 Thread 0x0000029f850b1b10 Exception <a 'java/lang/NoSuchMethodError'{0x00000007190124c0}: 'void java.lang.invoke.DirectMethodHandle$Holder.invokeStatic(java.lang.Object, java.lang.Object)'> (0x00000007190124c0) 
thrown [s\open\src\hotspot\share\interpreter\linkResolver.cpp, line 759]
Event: 0.323 Thread 0x0000029fecae1300 Exception <a 'java/lang/NoSuchMethodError'{0x00000007190f5e78}: 'int java.lang.invoke.DirectMethodHandle$Holder.invokeInterface(java.lang.Object, java.lang.Object)'> (0x00000007190f5e78) 
thrown [s\open\src\hotspot\share\interpreter\linkResolver.cpp, line 759]
Event: 0.324 Thread 0x0000029fecae1300 Exception <a 'java/lang/IncompatibleClassChangeError'{0x00000007190f9478}: Found class java.lang.Object, but interface was expected> (0x00000007190f9478) 
thrown [s\open\src\hotspot\share\interpreter\linkResolver.cpp, line 826]

VM Operations (4 events):
Event: 0.139 Executing VM operation: HandshakeAllThreads
Event: 0.139 Executing VM operation: HandshakeAllThreads done
Event: 0.284 Executing VM operation: HandshakeAllThreads
Event: 0.284 Executing VM operation: HandshakeAllThreads done

Events (20 events):
Event: 0.323 loading class java/lang/management/DefaultPlatformMBeanProvider$9 done
Event: 0.323 loading class java/lang/management/DefaultPlatformMBeanProvider$10
Event: 0.323 loading class java/lang/management/DefaultPlatformMBeanProvider$10 done
Event: 0.323 loading class java/lang/management/DefaultPlatformMBeanProvider$11
Event: 0.323 loading class java/lang/management/DefaultPlatformMBeanProvider$11 done
Event: 0.323 loading class jdk/management/jfr/FlightRecorderMXBean
Event: 0.323 loading class java/lang/management/PlatformManagedObject
Event: 0.323 loading class java/lang/management/PlatformManagedObject done
Event: 0.323 loading class jdk/management/jfr/FlightRecorderMXBean done
Event: 0.323 loading class jdk/management/jfr/internal/FlightRecorderMXBeanProvider$SingleMBeanComponent
Event: 0.323 loading class jdk/management/jfr/internal/FlightRecorderMXBeanProvider$SingleMBeanComponent done
Event: 0.323 loading class java/util/Collections$SingletonList
Event: 0.323 loading class java/util/Collections$SingletonList done
Event: 0.325 loading class sun/management/RuntimeImpl
Event: 0.325 loading class java/lang/management/RuntimeMXBean
Event: 0.325 loading class java/lang/management/RuntimeMXBean done
Event: 0.325 loading class sun/management/RuntimeImpl done
Event: 0.325 loading class java/util/Collections$2
Event: 0.325 loading class java/util/Collections$2 done
Event: 0.326 loading class javax/management/StandardMBean


Dynamic libraries:
0x00007ff698c50000 - 0x00007ff698c60000 	C:\Program Files\Java\jdk-17\bin\java.exe
0x00007fffb9150000 - 0x00007fffb9348000 	C:\WINDOWS\SYSTEM32\ntdll.dll
0x00007fffb8e30000 - 0x00007fffb8eef000 	C:\WINDOWS\System32\KERNEL32.DLL
0x00007fffb6df0000 - 0x00007fffb70c2000 	C:\WINDOWS\System32\KERNELBASE.dll
0x00007fffb6cf0000 - 0x00007fffb6df0000 	C:\WINDOWS\System32\ucrtbase.dll
0x00007fff8b670000 - 0x00007fff8b68b000 	C:\Program Files\Java\jdk-17\bin\VCRUNTIME140.dll
0x00007fff8d5d0000 - 0x00007fff8d5e8000 	C:\Program Files\Java\jdk-17\bin\jli.dll
0x00007fffb9000000 - 0x00007fffb90ae000 	C:\WINDOWS\System32\ADVAPI32.dll
0x00007fffb7be0000 - 0x00007fffb7c7e000 	C:\WINDOWS\System32\msvcrt.dll
0x00007fffb7610000 - 0x00007fffb76ac000 	C:\WINDOWS\System32\sechost.dll
0x00007fffb8c50000 - 0x00007fffb8d74000 	C:\WINDOWS\System32\RPCRT4.dll
0x00007fffb88e0000 - 0x00007fffb8a81000 	C:\WINDOWS\System32\USER32.dll
0x00007fffb6c30000 - 0x00007fffb6c52000 	C:\WINDOWS\System32\win32u.dll
0x00007fffb8fd0000 - 0x00007fffb8ffb000 	C:\WINDOWS\System32\GDI32.dll
0x00007fffb69c0000 - 0x00007fffb6acf000 	C:\WINDOWS\System32\gdi32full.dll
0x00007fff9c7c0000 - 0x00007fff9ca5a000 	C:\WINDOWS\WinSxS\amd64_microsoft.windows.common-controls_6595b64144ccf1df_6.0.19041.1110_none_60b5254171f9507e\COMCTL32.dll
0x00007fffb7100000 - 0x00007fffb719d000 	C:\WINDOWS\System32\msvcp_win.dll
0x00007fffaf9a0000 - 0x00007fffaf9aa000 	C:\WINDOWS\SYSTEM32\VERSION.dll
0x00007fffb7da0000 - 0x00007fffb7dd0000 	C:\WINDOWS\System32\IMM32.DLL
0x00007fff992d0000 - 0x00007fff992dc000 	C:\Program Files\Java\jdk-17\bin\vcruntime140_1.dll
0x00007fff5e720000 - 0x00007fff5e7ae000 	C:\Program Files\Java\jdk-17\bin\msvcp140.dll
0x00007fff5db40000 - 0x00007fff5e717000 	C:\Program Files\Java\jdk-17\bin\server\jvm.dll
0x00007fffb8fc0000 - 0x00007fffb8fc8000 	C:\WINDOWS\System32\PSAPI.DLL
0x00007ffface20000 - 0x00007ffface47000 	C:\WINDOWS\SYSTEM32\WINMM.dll
0x00007fffb1e70000 - 0x00007fffb1e79000 	C:\WINDOWS\SYSTEM32\WSOCK32.dll
0x00007fffb8ef0000 - 0x00007fffb8f5b000 	C:\WINDOWS\System32\WS2_32.dll
0x00007fffb50d0000 - 0x00007fffb50e2000 	C:\WINDOWS\SYSTEM32\kernel.appcore.dll
0x00007fff99280000 - 0x00007fff9928a000 	C:\Program Files\Java\jdk-17\bin\jimage.dll
0x00007fffb4640000 - 0x00007fffb4824000 	C:\WINDOWS\SYSTEM32\DBGHELP.DLL
0x00007fffa4bf0000 - 0x00007fffa4c25000 	C:\WINDOWS\SYSTEM32\dbgcore.DLL
0x00007fffb6c60000 - 0x00007fffb6ce2000 	C:\WINDOWS\System32\bcryptPrimitives.dll
0x00007fffb3990000 - 0x00007fffb399e000 	C:\Program Files\Java\jdk-17\bin\instrument.dll
0x00007fff8ac10000 - 0x00007fff8ac35000 	C:\Program Files\Java\jdk-17\bin\java.dll
0x00007fff5da60000 - 0x00007fff5db37000 	C:\Program Files\Java\jdk-17\bin\jsvml.dll
0x00007fffb7dd0000 - 0x00007fffb8515000 	C:\WINDOWS\System32\SHELL32.dll
0x00007fffb4830000 - 0x00007fffb4fc2000 	C:\WINDOWS\SYSTEM32\windows.storage.dll
0x00007fffb7730000 - 0x00007fffb7a85000 	C:\WINDOWS\System32\combase.dll
0x00007fffb61d0000 - 0x00007fffb6200000 	C:\WINDOWS\SYSTEM32\Wldp.dll
0x00007fffb8d80000 - 0x00007fffb8e2d000 	C:\WINDOWS\System32\SHCORE.dll
0x00007fffb8f60000 - 0x00007fffb8fb5000 	C:\WINDOWS\System32\shlwapi.dll
0x00007fffb6790000 - 0x00007fffb67af000 	C:\WINDOWS\SYSTEM32\profapi.dll
0x00007fff888e0000 - 0x00007fff888f8000 	C:\Program Files\Java\jdk-17\bin\zip.dll
0x00007fff8b650000 - 0x00007fff8b669000 	C:\Program Files\Java\jdk-17\bin\net.dll
0x00007fffaa9f0000 - 0x00007fffaaafa000 	C:\WINDOWS\SYSTEM32\WINHTTP.dll
0x00007fff8ac40000 - 0x00007fff8af1c000 	C:\Windows\Netease\Booster\lsp64.dll
0x00007fffb6ad0000 - 0x00007fffb6c26000 	C:\WINDOWS\System32\CRYPT32.dll
0x00007fffb5c20000 - 0x00007fffb5c5b000 	C:\WINDOWS\SYSTEM32\IPHLPAPI.DLL
0x00007fffb5f30000 - 0x00007fffb5f9a000 	C:\WINDOWS\system32\mswsock.dll
0x00007fffb68a0000 - 0x00007fffb6909000 	C:\WINDOWS\System32\WINTRUST.DLL
0x00007fffb63d0000 - 0x00007fffb63e2000 	C:\WINDOWS\SYSTEM32\MSASN1.dll
0x00007fffb7a90000 - 0x00007fffb7aad000 	C:\WINDOWS\System32\imagehlp.dll
0x00007fffb6130000 - 0x00007fffb6148000 	C:\WINDOWS\SYSTEM32\CRYPTSP.dll
0x00007fffb5850000 - 0x00007fffb5884000 	C:\WINDOWS\system32\rsaenh.dll
0x00007fffb70d0000 - 0x00007fffb70f7000 	C:\WINDOWS\System32\bcrypt.dll
0x00007fffb6120000 - 0x00007fffb612c000 	C:\WINDOWS\SYSTEM32\CRYPTBASE.dll
0x00007fff88970000 - 0x00007fff88986000 	C:\Program Files\Java\jdk-17\bin\nio.dll
0x00007fffb3970000 - 0x00007fffb398a000 	D:\tools\IntelliJ IDEA 2022.3.3\bin\breakgen64.dll
0x00007fffb5c60000 - 0x00007fffb5d2b000 	C:\WINDOWS\SYSTEM32\DNSAPI.dll
0x00007fffb85d0000 - 0x00007fffb85d8000 	C:\WINDOWS\System32\NSI.dll
0x00007fffa9ac0000 - 0x00007fffa9aca000 	C:\Windows\System32\rasadhlp.dll
0x00007fffa9f70000 - 0x00007fffa9ff0000 	C:\WINDOWS\System32\fwpuclnt.dll
0x00007fffb39a0000 - 0x00007fffb39aa000 	C:\Program Files\Java\jdk-17\bin\management.dll
0x00007fffb3930000 - 0x00007fffb393b000 	C:\Program Files\Java\jdk-17\bin\management_ext.dll

dbghelp: loaded successfully - version: 4.0.5 - missing functions: none
symbol engine: initialized successfully - sym options: 0x614 - pdb path: .;C:\Program Files\Java\jdk-17\bin;C:\WINDOWS\SYSTEM32;C:\WINDOWS\WinSxS\amd64_microsoft.windows.common-controls_6595b64144ccf1df_6.0.19041.1110_none_60b5254171f9507e;C:\Program Files\Java\jdk-17\bin\server;C:\Windows\Netease\Booster;D:\tools\IntelliJ IDEA 2022.3.3\bin

VM Arguments:
jvm_args: -XX:TieredStopAtLevel=1 -Dspring.output.ansi.enabled=always -Dcom.sun.management.jmxremote -Dspring.jmx.enabled=true -Dspring.liveBeansView.mbeanDomain -Dspring.application.admin.enabled=true -Dmanagement.endpoints.jmx.exposure.include=* -javaagent:D:\tools\IntelliJ IDEA 2022.3.3\lib\idea_rt.jar=59076:D:\tools\IntelliJ IDEA 2022.3.3\bin -Dfile.encoding=UTF-8 
java_command: org.gaocl.demo.Application
java_class_path (initial): D:\coding\zhenxingbei\init_springboot\target\classes;D:\tools\apache-maven-3.8.8\repository\org\springframework\boot\spring-boot-starter-web\3.0.5\spring-boot-starter-web-3.0.5.jar;D:\tools\apache-maven-3.8.8\repository\org\springframework\boot\spring-boot-starter\3.0.5\spring-boot-starter-3.0.5.jar;D:\tools\apache-maven-3.8.8\repository\org\springframework\boot\spring-boot\3.0.5\spring-boot-3.0.5.jar;D:\tools\apache-maven-3.8.8\repository\org\springframework\boot\spring-boot-autoconfigure\3.0.5\spring-boot-autoconfigure-3.0.5.jar;D:\tools\apache-maven-3.8.8\repository\org\springframework\boot\spring-boot-starter-logging\3.0.5\spring-boot-starter-logging-3.0.5.jar;D:\tools\apache-maven-3.8.8\repository\ch\qos\logback\logback-classic\1.4.6\logback-classic-1.4.6.jar;D:\tools\apache-maven-3.8.8\repository\ch\qos\logback\logback-core\1.4.6\logback-core-1.4.6.jar;D:\tools\apache-maven-3.8.8\repository\org\apache\logging\log4j\log4j-to-slf4j\2.19.0\log4j-to-slf4j-2.19.0.jar;D:\tools\apache-maven-3.8.8\repository\org\apache\logging\log4j\log4j-api\2.19.0\log4j-api-2.19.0.jar;D:\tools\apache-maven-3.8.8\repository\org\slf4j\jul-to-slf4j\2.0.7\jul-to-slf4j-2.0.7.jar;D:\tools\apache-maven-3.8.8\repository\jakarta\annotation\jakarta.annotation-api\2.1.1\jakarta.annotation-api-2.1.1.jar;D:\tools\apache-maven-3.8.8\repository\org\springframework\spring-core\6.0.7\spring-core-6.0.7.jar;D:\tools\apache-maven-3.8.8\repository\org\springframework\spring-jcl\6.0.7\spring-jcl-6.0.7.jar;D:\tools\apache-maven-3.8.8\repository\org\yaml\snakeyaml\1.33\snakeyaml-1.33.jar;D:\tools\apache-maven-3.8.8\repository\org\springframework\boot\spring-boot-starter-json\3.0.5\spring-boot-starter-json-3.0.5.jar;D:\tools\apache-maven-3.8.8\repository\com\fasterxml\jackson\core\jackson-databind\2.14.2\jackson-databind-2.14.2.jar;D:\tools\apache-maven-3.8.8\repository\com\fasterxml\jackson\core\jackson-annotations\2.14.2\jackson-annotations-2.14.2.jar;D:\tools\apache-maven-3.8
Launcher Type: SUN_STANDARD

[Global flags]
     intx CICompilerCount                          = 12                                        {product} {ergonomic}
     uint ConcGCThreads                            = 3                                         {product} {ergonomic}
     uint G1ConcRefinementThreads                  = 13                                        {product} {ergonomic}
   size_t G1HeapRegionSize                         = 2097152                                   {product} {ergonomic}
    uintx GCDrainStackTargetSize                   = 64                                        {product} {ergonomic}
   size_t InitialHeapSize                          = 257949696                                 {product} {ergonomic}
     bool ManagementServer                         = true                                      {product} {command line}
   size_t MarkStackSize                            = 4194304                                   {product} {ergonomic}
   size_t MaxHeapSize                              = 4125097984                                {product} {ergonomic}
   size_t MaxNewSize                               = 2474639360                                {product} {ergonomic}
   size_t MinHeapDeltaBytes                        = 2097152                                   {product} {ergonomic}
   size_t MinHeapSize                              = 8388608                                   {product} {ergonomic}
    uintx NonProfiledCodeHeapSize                  = 0                                      {pd product} {ergonomic}
     bool ProfileInterpreter                       = false                                  {pd product} {command line}
    uintx ProfiledCodeHeapSize                     = 0                                      {pd product} {ergonomic}
   size_t SoftMaxHeapSize                          = 4125097984                             {manageable} {ergonomic}
     intx TieredStopAtLevel                        = 1                                         {product} {command line}
     bool UseCompressedClassPointers               = true                           {product lp64_product} {ergonomic}
     bool UseCompressedOops                        = true                           {product lp64_product} {ergonomic}
     bool UseG1GC                                  = true                                      {product} {ergonomic}
     bool UseLargePagesIndividualAllocation        = false                                  {pd product} {ergonomic}

Logging:
Log output configuration:
 #0: stdout all=warning uptime,level,tags
 #1: stderr all=off uptime,level,tags

Environment Variables:
JAVA_HOME=C:\Program Files\Java\jdk-17
PATH=C:\Program Files\Common Files\Oracle\Java\javapath;C:\ProgramData\Oracle\Java\javapath;D:\tools\Anaconda3;D:\tools\Anaconda3\Library\mingw-w64\bin;D:\tools\Anaconda3\Library\usr\bin;D:\tools\Anaconda3\Library\bin;D:\tools\Anaconda3\Scripts;C:\WINDOWS\system32;C:\WINDOWS;C:\WINDOWS\System32\Wbem;C:\WINDOWS\System32\WindowsPowerShell\v1.0\;C:\WINDOWS\System32\OpenSSH\;D:\software\jdk\jdkinstall\bin;D:\software\hadoop\hadoop-3.0.0\bin;D:\software\scala\scala-2.12.6\bin;C:\Program Files\Java\jdk-17\bin;D:\software\vagrant\bin;D:\ioa\maven\apache-maven-3.8.2-bin\apache-maven-3.8.2\bin;D:\ioa\protoc\protoc-2.5.0-win\bin;C:\Program Files\CMake\bin;D:\app\git\Git\cmd;D:\tools\apache-maven-3.8.8\bin;C:\Program Files\MySQL\MySQL Shell 8.0\bin\;D:\software\python\Scripts\;D:\software\python\;C:\Users\83426\AppData\Local\Microsoft\WindowsApps;D:\ZhiyunTranslator\paper\myPaper\texlive\2021\bin\win32;D:\tools\PyCharm Community Edition 2020.3\bin;;D:\tools\IntelliJ IDEA 2022.3.3\bin;;D:\tools\新建文件夹\IntelliJ IDEA Community Edition 2022.3.3\bin;
USERNAME=RowanGao
OS=Windows_NT
PROCESSOR_IDENTIFIER=AMD64 Family 23 Model 96 Stepping 1, AuthenticAMD



---------------  S Y S T E M  ---------------

OS:
 Windows 10 , 64 bit Build 19041 (10.0.19041.2546)
OS uptime: 0 days 6:42 hours

CPU: total 16 (initial active 16) (16 cores per cpu, 2 threads per core) family 23 model 96 stepping 1 microcode 0x0, cx8, cmov, fxsr, ht, mmx, 3dnowpref, sse, sse2, sse3, ssse3, sse4a, sse4.1, sse4.2, popcnt, lzcnt, tsc, tscinvbit, avx, avx2, aes, clmul, bmi1, bmi2, adx, sha, fma, vzeroupper, clflush, clflushopt

Memory: 4k page, system-wide physical 15734M (3692M free)
TotalPageFile size 15734M (AvailPageFile size 2M)
current process WorkingSet (physical memory assigned to process): 43M, peak: 43M
current process commit charge ("private bytes"): 343M, peak: 343M

vm_info: Java HotSpot(TM) 64-Bit Server VM (17.0.6+9-LTS-190) for windows-amd64 JRE (17.0.6+9-LTS-190), built on Dec  6 2022 15:53:54 by "mach5one" with MS VC++ 17.1 (VS2022)

END.
